{"C:\\MyLearning\\ReactJs\\Final Project\\finall-project\\src\\components\\darkVariant.tsx": {"path":"C:\\MyLearning\\ReactJs\\Final Project\\finall-project\\src\\components\\darkVariant.tsx","statementMap":{"0":{"start":{"line":1,"column":0},"end":{"line":1,"column":43}},"1":{"start":{"line":2,"column":0},"end":{"line":2,"column":28}},"2":{"start":{"line":5,"column":2},"end":{"line":44,"column":4}},"3":{"start":{"line":47,"column":0},"end":{"line":47,"column":34}}},"fnMap":{"0":{"name":"DarkVariantExample","decl":{"start":{"line":4,"column":9},"end":{"line":4,"column":27}},"loc":{"start":{"line":4,"column":27},"end":{"line":45,"column":1}}}},"branchMap":{},"s":{"0":7,"1":7,"2":14,"3":7},"f":{"0":14},"b":{}}
,"C:\\MyLearning\\ReactJs\\Final Project\\finall-project\\src\\components\\dashboard.tsx": {"path":"C:\\MyLearning\\ReactJs\\Final Project\\finall-project\\src\\components\\dashboard.tsx","statementMap":{"0":{"start":{"line":1,"column":0},"end":{"line":1,"column":51}},"1":{"start":{"line":2,"column":0},"end":{"line":2,"column":48}},"2":{"start":{"line":3,"column":0},"end":{"line":3,"column":40}},"3":{"start":{"line":4,"column":0},"end":{"line":4,"column":30}},"4":{"start":{"line":5,"column":0},"end":{"line":5,"column":48}},"5":{"start":{"line":6,"column":0},"end":{"line":6,"column":45}},"6":{"start":{"line":7,"column":0},"end":{"line":7,"column":62}},"7":{"start":{"line":11,"column":18},"end":{"line":75,"column":1}},"8":{"start":{"line":12,"column":32},"end":{"line":12,"column":55}},"9":{"start":{"line":13,"column":42},"end":{"line":13,"column":54}},"10":{"start":{"line":14,"column":25},"end":{"line":16,"column":5}},"11":{"start":{"line":15,"column":8},"end":{"line":15,"column":49}},"12":{"start":{"line":17,"column":25},"end":{"line":19,"column":5}},"13":{"start":{"line":18,"column":8},"end":{"line":18,"column":43}},"14":{"start":{"line":21,"column":4},"end":{"line":73,"column":null}},"15":{"start":{"line":77,"column":0},"end":{"line":77,"column":25}}},"fnMap":{"0":{"name":"(anonymous_0)","decl":{"start":{"line":11,"column":18},"end":{"line":11,"column":21}},"loc":{"start":{"line":11,"column":23},"end":{"line":75,"column":1}}},"1":{"name":"(anonymous_1)","decl":{"start":{"line":14,"column":25},"end":{"line":14,"column":28}},"loc":{"start":{"line":14,"column":30},"end":{"line":16,"column":5}}},"2":{"name":"(anonymous_2)","decl":{"start":{"line":17,"column":25},"end":{"line":17,"column":26}},"loc":{"start":{"line":17,"column":72},"end":{"line":19,"column":5}}}},"branchMap":{},"s":{"0":1,"1":1,"2":1,"3":1,"4":1,"5":1,"6":1,"7":1,"8":3,"9":2,"10":2,"11":0,"12":2,"13":0,"14":2,"15":1},"f":{"0":3,"1":0,"2":0},"b":{}}
,"C:\\MyLearning\\ReactJs\\Final Project\\finall-project\\src\\components\\footer.tsx": {"path":"C:\\MyLearning\\ReactJs\\Final Project\\finall-project\\src\\components\\footer.tsx","statementMap":{"0":{"start":{"line":2,"column":15},"end":{"line":121,"column":1}},"1":{"start":{"line":3,"column":2},"end":{"line":120,"column":4}},"2":{"start":{"line":123,"column":0},"end":{"line":123,"column":22}}},"fnMap":{"0":{"name":"(anonymous_0)","decl":{"start":{"line":2,"column":15},"end":{"line":2,"column":18}},"loc":{"start":{"line":2,"column":20},"end":{"line":121,"column":1}}}},"branchMap":{},"s":{"0":1,"1":0,"2":1},"f":{"0":0},"b":{}}
,"C:\\MyLearning\\ReactJs\\Final Project\\finall-project\\src\\components\\home.tsx": {"path":"C:\\MyLearning\\ReactJs\\Final Project\\finall-project\\src\\components\\home.tsx","statementMap":{"0":{"start":{"line":1,"column":0},"end":{"line":1,"column":20}},"1":{"start":{"line":2,"column":0},"end":{"line":2,"column":46}},"2":{"start":{"line":3,"column":0},"end":{"line":3,"column":47}},"3":{"start":{"line":4,"column":0},"end":{"line":4,"column":31}},"4":{"start":{"line":5,"column":0},"end":{"line":5,"column":35}},"5":{"start":{"line":6,"column":0},"end":{"line":6,"column":62}},"6":{"start":{"line":8,"column":13},"end":{"line":27,"column":1}},"7":{"start":{"line":9,"column":26},"end":{"line":9,"column":49}},"8":{"start":{"line":10,"column":4},"end":{"line":26,"column":6}},"9":{"start":{"line":16,"column":24},"end":{"line":16,"column":49}},"10":{"start":{"line":28,"column":0},"end":{"line":28,"column":20}}},"fnMap":{"0":{"name":"(anonymous_0)","decl":{"start":{"line":8,"column":13},"end":{"line":8,"column":16}},"loc":{"start":{"line":8,"column":18},"end":{"line":27,"column":1}}},"1":{"name":"(anonymous_1)","decl":{"start":{"line":15,"column":53},"end":{"line":15,"column":54}},"loc":{"start":{"line":16,"column":24},"end":{"line":16,"column":49}}}},"branchMap":{"0":{"loc":{"start":{"line":20,"column":21},"end":{"line":21,"column":null}},"type":"binary-expr","locations":[{"start":{"line":20,"column":21},"end":{"line":20,"column":61}},{"start":{"line":21,"column":24},"end":{"line":21,"column":71}}]}},"s":{"0":6,"1":6,"2":6,"3":6,"4":6,"5":6,"6":6,"7":12,"8":12,"9":24,"10":6},"f":{"0":12,"1":24},"b":{"0":[12,0]}}
,"C:\\MyLearning\\ReactJs\\Final Project\\finall-project\\src\\components\\card\\card.tsx": {"path":"C:\\MyLearning\\ReactJs\\Final Project\\finall-project\\src\\components\\card\\card.tsx","statementMap":{"0":{"start":{"line":3,"column":0},"end":{"line":3,"column":39}},"1":{"start":{"line":4,"column":0},"end":{"line":4,"column":20}},"2":{"start":{"line":5,"column":0},"end":{"line":5,"column":40}},"3":{"start":{"line":27,"column":34},"end":{"line":49,"column":1}},"4":{"start":{"line":28,"column":4},"end":{"line":48,"column":6}},"5":{"start":{"line":51,"column":0},"end":{"line":51,"column":20}}},"fnMap":{"0":{"name":"(anonymous_0)","decl":{"start":{"line":27,"column":34},"end":{"line":27,"column":35}},"loc":{"start":{"line":27,"column":48},"end":{"line":49,"column":1}}}},"branchMap":{},"s":{"0":6,"1":6,"2":6,"3":6,"4":26,"5":6},"f":{"0":26},"b":{}}
,"C:\\MyLearning\\ReactJs\\Final Project\\finall-project\\src\\components\\detail\\buttonContent.tsx": {"path":"C:\\MyLearning\\ReactJs\\Final Project\\finall-project\\src\\components\\detail\\buttonContent.tsx","statementMap":{"0":{"start":{"line":7,"column":52},"end":{"line":13,"column":1}},"1":{"start":{"line":8,"column":2},"end":{"line":12,"column":4}},"2":{"start":{"line":15,"column":0},"end":{"line":15,"column":29}}},"fnMap":{"0":{"name":"(anonymous_0)","decl":{"start":{"line":7,"column":52},"end":{"line":7,"column":53}},"loc":{"start":{"line":7,"column":68},"end":{"line":13,"column":1}}}},"branchMap":{},"s":{"0":2,"1":0,"2":2},"f":{"0":0},"b":{}}
,"C:\\MyLearning\\ReactJs\\Final Project\\finall-project\\src\\components\\detail\\comment.tsx": {"path":"C:\\MyLearning\\ReactJs\\Final Project\\finall-project\\src\\components\\detail\\comment.tsx","statementMap":{"0":{"start":{"line":1,"column":0},"end":{"line":1,"column":26}},"1":{"start":{"line":2,"column":0},"end":{"line":2,"column":23}},"2":{"start":{"line":11,"column":40},"end":{"line":33,"column":1}},"3":{"start":{"line":17,"column":4},"end":{"line":32,"column":6}},"4":{"start":{"line":35,"column":33},"end":{"line":77,"column":1}},"5":{"start":{"line":36,"column":25},"end":{"line":61,"column":6}},"6":{"start":{"line":63,"column":4},"end":{"line":76,"column":6}},"7":{"start":{"line":67,"column":20},"end":{"line":67,"column":null}},"8":{"start":{"line":79,"column":0},"end":{"line":79,"column":30}}},"fnMap":{"0":{"name":"(anonymous_0)","decl":{"start":{"line":11,"column":40},"end":{"line":11,"column":41}},"loc":{"start":{"line":16,"column":5},"end":{"line":33,"column":1}}},"1":{"name":"(anonymous_1)","decl":{"start":{"line":35,"column":33},"end":{"line":35,"column":36}},"loc":{"start":{"line":35,"column":38},"end":{"line":77,"column":1}}},"2":{"name":"(anonymous_2)","decl":{"start":{"line":66,"column":34},"end":{"line":66,"column":35}},"loc":{"start":{"line":67,"column":20},"end":{"line":67,"column":null}}}},"branchMap":{"0":{"loc":{"start":{"line":68,"column":25},"end":{"line":68,"column":73}},"type":"binary-expr","locations":[{"start":{"line":68,"column":25},"end":{"line":68,"column":40}},{"start":{"line":68,"column":44},"end":{"line":68,"column":73}}]}},"s":{"0":2,"1":2,"2":2,"3":0,"4":2,"5":0,"6":0,"7":0,"8":2},"f":{"0":0,"1":0,"2":0},"b":{"0":[0,0]}}
,"C:\\MyLearning\\ReactJs\\Final Project\\finall-project\\src\\components\\detail\\detailitem.tsx": {"path":"C:\\MyLearning\\ReactJs\\Final Project\\finall-project\\src\\components\\detail\\detailitem.tsx","statementMap":{"0":{"start":{"line":2,"column":0},"end":{"line":2,"column":42}},"1":{"start":{"line":3,"column":0},"end":{"line":3,"column":26}},"2":{"start":{"line":4,"column":0},"end":{"line":4,"column":42}},"3":{"start":{"line":5,"column":0},"end":{"line":5,"column":49}},"4":{"start":{"line":6,"column":0},"end":{"line":6,"column":44}},"5":{"start":{"line":7,"column":0},"end":{"line":7,"column":37}},"6":{"start":{"line":8,"column":0},"end":{"line":8,"column":35}},"7":{"start":{"line":9,"column":0},"end":{"line":9,"column":65}},"8":{"start":{"line":11,"column":19},"end":{"line":59,"column":1}},"9":{"start":{"line":12,"column":32},"end":{"line":12,"column":55}},"10":{"start":{"line":13,"column":24},"end":{"line":16,"column":5}},"11":{"start":{"line":14,"column":8},"end":{"line":14,"column":null}},"12":{"start":{"line":15,"column":8},"end":{"line":15,"column":55}},"13":{"start":{"line":17,"column":4},"end":{"line":57,"column":null}},"14":{"start":{"line":37,"column":32},"end":{"line":37,"column":45}},"15":{"start":{"line":44,"column":123},"end":{"line":44,"column":149}},"16":{"start":{"line":61,"column":0},"end":{"line":61,"column":26}}},"fnMap":{"0":{"name":"(anonymous_0)","decl":{"start":{"line":11,"column":19},"end":{"line":11,"column":20}},"loc":{"start":{"line":11,"column":51},"end":{"line":59,"column":1}}},"1":{"name":"(anonymous_1)","decl":{"start":{"line":13,"column":24},"end":{"line":13,"column":25}},"loc":{"start":{"line":13,"column":43},"end":{"line":16,"column":5}}},"2":{"name":"(anonymous_2)","decl":{"start":{"line":36,"column":53},"end":{"line":36,"column":54}},"loc":{"start":{"line":37,"column":32},"end":{"line":37,"column":45}}},"3":{"name":"(anonymous_3)","decl":{"start":{"line":44,"column":117},"end":{"line":44,"column":120}},"loc":{"start":{"line":44,"column":123},"end":{"line":44,"column":149}}}},"branchMap":{},"s":{"0":2,"1":2,"2":2,"3":2,"4":2,"5":2,"6":2,"7":2,"8":2,"9":2,"10":2,"11":1,"12":1,"13":2,"14":4,"15":1,"16":2},"f":{"0":2,"1":1,"2":4,"3":1},"b":{}}
,"C:\\MyLearning\\ReactJs\\Final Project\\finall-project\\src\\components\\detail\\movieDetail.tsx": {"path":"C:\\MyLearning\\ReactJs\\Final Project\\finall-project\\src\\components\\detail\\movieDetail.tsx","statementMap":{"0":{"start":{"line":1,"column":0},"end":{"line":1,"column":50}},"1":{"start":{"line":2,"column":0},"end":{"line":2,"column":45}},"2":{"start":{"line":3,"column":0},"end":{"line":3,"column":42}},"3":{"start":{"line":4,"column":0},"end":{"line":4,"column":65}},"4":{"start":{"line":5,"column":0},"end":{"line":5,"column":65}},"5":{"start":{"line":6,"column":0},"end":{"line":6,"column":54}},"6":{"start":{"line":7,"column":0},"end":{"line":7,"column":39}},"7":{"start":{"line":8,"column":0},"end":{"line":8,"column":41}},"8":{"start":{"line":9,"column":0},"end":{"line":9,"column":27}},"9":{"start":{"line":10,"column":0},"end":{"line":10,"column":38}},"10":{"start":{"line":11,"column":0},"end":{"line":11,"column":55}},"11":{"start":{"line":12,"column":0},"end":{"line":12,"column":52}},"12":{"start":{"line":14,"column":30},"end":{"line":75,"column":1}},"13":{"start":{"line":16,"column":19},"end":{"line":16,"column":30}},"14":{"start":{"line":17,"column":48},"end":{"line":17,"column":72}},"15":{"start":{"line":18,"column":21},"end":{"line":18,"column":34}},"16":{"start":{"line":19,"column":17},"end":{"line":19,"column":60}},"17":{"start":{"line":19,"column":45},"end":{"line":19,"column":59}},"18":{"start":{"line":20,"column":4},"end":{"line":23,"column":11}},"19":{"start":{"line":21,"column":8},"end":{"line":21,"column":34}},"20":{"start":{"line":22,"column":8},"end":{"line":22,"column":33}},"21":{"start":{"line":24,"column":4},"end":{"line":24,"column":25}},"22":{"start":{"line":24,"column":17},"end":{"line":24,"column":23}},"23":{"start":{"line":27,"column":18},"end":{"line":27,"column":65}},"24":{"start":{"line":27,"column":41},"end":{"line":27,"column":64}},"25":{"start":{"line":29,"column":28},"end":{"line":32,"column":5}},"26":{"start":{"line":30,"column":8},"end":{"line":30,"column":28}},"27":{"start":{"line":31,"column":8},"end":{"line":31,"column":43}},"28":{"start":{"line":33,"column":4},"end":{"line":74,"column":6}},"29":{"start":{"line":76,"column":0},"end":{"line":76,"column":27}}},"fnMap":{"0":{"name":"(anonymous_0)","decl":{"start":{"line":14,"column":30},"end":{"line":14,"column":33}},"loc":{"start":{"line":14,"column":35},"end":{"line":75,"column":1}}},"1":{"name":"(anonymous_1)","decl":{"start":{"line":19,"column":29},"end":{"line":19,"column":30}},"loc":{"start":{"line":19,"column":45},"end":{"line":19,"column":59}}},"2":{"name":"(anonymous_2)","decl":{"start":{"line":20,"column":14},"end":{"line":20,"column":17}},"loc":{"start":{"line":20,"column":19},"end":{"line":23,"column":5}}},"3":{"name":"(anonymous_3)","decl":{"start":{"line":27,"column":28},"end":{"line":27,"column":29}},"loc":{"start":{"line":27,"column":41},"end":{"line":27,"column":64}}},"4":{"name":"(anonymous_4)","decl":{"start":{"line":29,"column":28},"end":{"line":29,"column":29}},"loc":{"start":{"line":29,"column":70},"end":{"line":32,"column":5}}}},"branchMap":{"0":{"loc":{"start":{"line":24,"column":4},"end":{"line":24,"column":25}},"type":"if","locations":[{"start":{"line":24,"column":4},"end":{"line":24,"column":25}}]},"1":{"loc":{"start":{"line":42,"column":38},"end":{"line":42,"column":71}},"type":"cond-expr","locations":[{"start":{"line":42,"column":55},"end":{"line":42,"column":62}},{"start":{"line":42,"column":65},"end":{"line":42,"column":71}}]},"2":{"loc":{"start":{"line":45,"column":17},"end":{"line":50,"column":null}},"type":"binary-expr","locations":[{"start":{"line":45,"column":17},"end":{"line":45,"column":32}},{"start":{"line":46,"column":20},"end":{"line":49,"column":null}}]}},"s":{"0":1,"1":1,"2":1,"3":1,"4":1,"5":1,"6":1,"7":1,"8":1,"9":1,"10":1,"11":1,"12":1,"13":4,"14":4,"15":4,"16":4,"17":6,"18":4,"19":2,"20":2,"21":4,"22":0,"23":4,"24":4,"25":4,"26":1,"27":1,"28":4,"29":1},"f":{"0":4,"1":6,"2":2,"3":4,"4":1},"b":{"0":[0],"1":[2,2],"2":[4,2]}}
,"C:\\MyLearning\\ReactJs\\Final Project\\finall-project\\src\\components\\startRendering\\start.tsx": {"path":"C:\\MyLearning\\ReactJs\\Final Project\\finall-project\\src\\components\\startRendering\\start.tsx","statementMap":{"0":{"start":{"line":2,"column":0},"end":{"line":2,"column":65}},"1":{"start":{"line":3,"column":0},"end":{"line":3,"column":74}},"2":{"start":{"line":9,"column":56},"end":{"line":33,"column":1}},"3":{"start":{"line":10,"column":22},"end":{"line":26,"column":3}},"4":{"start":{"line":11,"column":33},"end":{"line":11,"column":35}},"5":{"start":{"line":12,"column":30},"end":{"line":12,"column":48}},"6":{"start":{"line":13,"column":33},"end":{"line":13,"column":49}},"7":{"start":{"line":16,"column":4},"end":{"line":18,"column":5}},"8":{"start":{"line":16,"column":17},"end":{"line":16,"column":18}},"9":{"start":{"line":17,"column":6},"end":{"line":17,"column":88}},"10":{"start":{"line":21,"column":4},"end":{"line":23,"column":5}},"11":{"start":{"line":22,"column":6},"end":{"line":22,"column":98}},"12":{"start":{"line":25,"column":4},"end":{"line":25,"column":17}},"13":{"start":{"line":28,"column":2},"end":{"line":32,"column":4}},"14":{"start":{"line":35,"column":0},"end":{"line":35,"column":31}}},"fnMap":{"0":{"name":"(anonymous_0)","decl":{"start":{"line":9,"column":56},"end":{"line":9,"column":57}},"loc":{"start":{"line":9,"column":71},"end":{"line":33,"column":1}}},"1":{"name":"(anonymous_1)","decl":{"start":{"line":10,"column":22},"end":{"line":10,"column":40}},"loc":{"start":{"line":10,"column":42},"end":{"line":26,"column":3}}}},"branchMap":{"0":{"loc":{"start":{"line":21,"column":4},"end":{"line":23,"column":5}},"type":"if","locations":[{"start":{"line":21,"column":4},"end":{"line":23,"column":5}}]}},"s":{"0":2,"1":2,"2":2,"3":5,"4":5,"5":5,"6":5,"7":5,"8":5,"9":34,"10":5,"11":4,"12":5,"13":5,"14":2},"f":{"0":5,"1":5},"b":{"0":[4]}}
,"C:\\MyLearning\\ReactJs\\Final Project\\finall-project\\src\\components\\xeDay\\checkout.tsx": {"path":"C:\\MyLearning\\ReactJs\\Final Project\\finall-project\\src\\components\\xeDay\\checkout.tsx","statementMap":{"0":{"start":{"line":1,"column":0},"end":{"line":1,"column":24}},"1":{"start":{"line":2,"column":0},"end":{"line":2,"column":42}},"2":{"start":{"line":3,"column":0},"end":{"line":3,"column":43}},"3":{"start":{"line":4,"column":0},"end":{"line":4,"column":54}},"4":{"start":{"line":5,"column":0},"end":{"line":5,"column":49}},"5":{"start":{"line":6,"column":0},"end":{"line":6,"column":50}},"6":{"start":{"line":7,"column":0},"end":{"line":7,"column":37}},"7":{"start":{"line":9,"column":17},"end":{"line":34,"column":1}},"8":{"start":{"line":11,"column":4},"end":{"line":30,"column":null}},"9":{"start":{"line":36,"column":0},"end":{"line":36,"column":24}}},"fnMap":{"0":{"name":"(anonymous_0)","decl":{"start":{"line":9,"column":17},"end":{"line":9,"column":18}},"loc":{"start":{"line":9,"column":50},"end":{"line":34,"column":1}}}},"branchMap":{},"s":{"0":2,"1":2,"2":2,"3":2,"4":2,"5":2,"6":2,"7":2,"8":1,"9":2},"f":{"0":1},"b":{}}
,"C:\\MyLearning\\ReactJs\\Final Project\\finall-project\\src\\components\\xeDay\\item.tsx": {"path":"C:\\MyLearning\\ReactJs\\Final Project\\finall-project\\src\\components\\xeDay\\item.tsx","statementMap":{"0":{"start":{"line":1,"column":0},"end":{"line":1,"column":44}},"1":{"start":{"line":2,"column":0},"end":{"line":2,"column":21}},"2":{"start":{"line":3,"column":0},"end":{"line":3,"column":42}},"3":{"start":{"line":5,"column":0},"end":{"line":5,"column":47}},"4":{"start":{"line":6,"column":0},"end":{"line":6,"column":49}},"5":{"start":{"line":7,"column":0},"end":{"line":7,"column":47}},"6":{"start":{"line":8,"column":0},"end":{"line":8,"column":65}},"7":{"start":{"line":11,"column":20},"end":{"line":62,"column":1}},"8":{"start":{"line":13,"column":17},"end":{"line":13,"column":39}},"9":{"start":{"line":14,"column":28},"end":{"line":14,"column":51}},"10":{"start":{"line":16,"column":2},"end":{"line":61,"column":4}},"11":{"start":{"line":42,"column":37},"end":{"line":42,"column":86}},"12":{"start":{"line":45,"column":37},"end":{"line":45,"column":86}},"13":{"start":{"line":54,"column":64},"end":{"line":54,"column":118}},"14":{"start":{"line":11,"column":13},"end":{"line":11,"column":20}}},"fnMap":{"0":{"name":"(anonymous_0)","decl":{"start":{"line":11,"column":20},"end":{"line":11,"column":21}},"loc":{"start":{"line":11,"column":48},"end":{"line":62,"column":1}}},"1":{"name":"(anonymous_1)","decl":{"start":{"line":42,"column":31},"end":{"line":42,"column":34}},"loc":{"start":{"line":42,"column":37},"end":{"line":42,"column":86}}},"2":{"name":"(anonymous_2)","decl":{"start":{"line":45,"column":31},"end":{"line":45,"column":34}},"loc":{"start":{"line":45,"column":37},"end":{"line":45,"column":86}}},"3":{"name":"(anonymous_3)","decl":{"start":{"line":54,"column":58},"end":{"line":54,"column":61}},"loc":{"start":{"line":54,"column":64},"end":{"line":54,"column":118}}}},"branchMap":{},"s":{"0":2,"1":2,"2":2,"3":2,"4":2,"5":2,"6":2,"7":2,"8":4,"9":4,"10":4,"11":1,"12":1,"13":1,"14":2},"f":{"0":4,"1":1,"2":1,"3":1},"b":{}}
,"C:\\MyLearning\\ReactJs\\Final Project\\finall-project\\src\\components\\xeDay\\xeday.tsx": {"path":"C:\\MyLearning\\ReactJs\\Final Project\\finall-project\\src\\components\\xeDay\\xeday.tsx","statementMap":{"0":{"start":{"line":1,"column":0},"end":{"line":1,"column":56}},"1":{"start":{"line":2,"column":0},"end":{"line":2,"column":34}},"2":{"start":{"line":3,"column":0},"end":{"line":3,"column":30}},"3":{"start":{"line":4,"column":0},"end":{"line":4,"column":21}},"4":{"start":{"line":5,"column":0},"end":{"line":5,"column":65}},"5":{"start":{"line":7,"column":14},"end":{"line":45,"column":1}},"6":{"start":{"line":8,"column":30},"end":{"line":8,"column":41}},"7":{"start":{"line":9,"column":31},"end":{"line":9,"column":54}},"8":{"start":{"line":11,"column":27},"end":{"line":15,"column":5}},"9":{"start":{"line":12,"column":8},"end":{"line":14,"column":9}},"10":{"start":{"line":13,"column":12},"end":{"line":13,"column":118}},"11":{"start":{"line":13,"column":70},"end":{"line":13,"column":112}},"12":{"start":{"line":17,"column":4},"end":{"line":17,"column":null}},"13":{"start":{"line":17,"column":22},"end":{"line":17,"column":39}},"14":{"start":{"line":19,"column":4},"end":{"line":44,"column":null}},"15":{"start":{"line":30,"column":24},"end":{"line":30,"column":49}},"16":{"start":{"line":47,"column":0},"end":{"line":47,"column":21}}},"fnMap":{"0":{"name":"(anonymous_0)","decl":{"start":{"line":7,"column":14},"end":{"line":7,"column":17}},"loc":{"start":{"line":7,"column":19},"end":{"line":45,"column":1}}},"1":{"name":"(anonymous_1)","decl":{"start":{"line":11,"column":27},"end":{"line":11,"column":30}},"loc":{"start":{"line":11,"column":32},"end":{"line":15,"column":5}}},"2":{"name":"(anonymous_2)","decl":{"start":{"line":13,"column":53},"end":{"line":13,"column":54}},"loc":{"start":{"line":13,"column":70},"end":{"line":13,"column":112}}},"3":{"name":"(anonymous_3)","decl":{"start":{"line":17,"column":14},"end":{"line":17,"column":17}},"loc":{"start":{"line":17,"column":19},"end":{"line":17,"column":40}}},"4":{"name":"(anonymous_4)","decl":{"start":{"line":29,"column":50},"end":{"line":29,"column":51}},"loc":{"start":{"line":30,"column":24},"end":{"line":30,"column":49}}}},"branchMap":{"0":{"loc":{"start":{"line":12,"column":8},"end":{"line":14,"column":9}},"type":"if","locations":[{"start":{"line":12,"column":8},"end":{"line":14,"column":9}}]}},"s":{"0":1,"1":1,"2":1,"3":1,"4":1,"5":1,"6":1,"7":1,"8":1,"9":1,"10":1,"11":2,"12":1,"13":1,"14":1,"15":2,"16":1},"f":{"0":1,"1":1,"2":2,"3":1,"4":2},"b":{"0":[1]}}
,"C:\\MyLearning\\ReactJs\\Final Project\\finall-project\\src\\components\\xeDay\\myForm\\myForm.tsx": {"path":"C:\\MyLearning\\ReactJs\\Final Project\\finall-project\\src\\components\\xeDay\\myForm\\myForm.tsx","statementMap":{"0":{"start":{"line":1,"column":0},"end":{"line":1,"column":23}},"1":{"start":{"line":2,"column":0},"end":{"line":2,"column":45}},"2":{"start":{"line":3,"column":0},"end":{"line":3,"column":57}},"3":{"start":{"line":12,"column":15},"end":{"line":133,"column":1}},"4":{"start":{"line":13,"column":50},"end":{"line":13,"column":71}},"5":{"start":{"line":15,"column":48},"end":{"line":19,"column":5}},"6":{"start":{"line":16,"column":8},"end":{"line":16,"column":30}},"7":{"start":{"line":17,"column":8},"end":{"line":17,"column":42}},"8":{"start":{"line":21,"column":4},"end":{"line":132,"column":6}},"9":{"start":{"line":135,"column":0},"end":{"line":135,"column":22}}},"fnMap":{"0":{"name":"(anonymous_0)","decl":{"start":{"line":12,"column":15},"end":{"line":12,"column":16}},"loc":{"start":{"line":12,"column":48},"end":{"line":133,"column":1}}},"1":{"name":"(anonymous_1)","decl":{"start":{"line":15,"column":48},"end":{"line":15,"column":53}},"loc":{"start":{"line":15,"column":67},"end":{"line":19,"column":5}}}},"branchMap":{"0":{"loc":{"start":{"line":34,"column":17},"end":{"line":35,"column":null}},"type":"binary-expr","locations":[{"start":{"line":34,"column":17},"end":{"line":34,"column":38}},{"start":{"line":35,"column":20},"end":{"line":35,"column":84}}]},"1":{"loc":{"start":{"line":56,"column":17},"end":{"line":57,"column":null}},"type":"binary-expr","locations":[{"start":{"line":56,"column":17},"end":{"line":56,"column":44}},{"start":{"line":57,"column":20},"end":{"line":57,"column":90}}]},"2":{"loc":{"start":{"line":74,"column":25},"end":{"line":75,"column":null}},"type":"binary-expr","locations":[{"start":{"line":74,"column":25},"end":{"line":74,"column":47}},{"start":{"line":75,"column":28},"end":{"line":75,"column":93}}]},"3":{"loc":{"start":{"line":93,"column":25},"end":{"line":94,"column":null}},"type":"binary-expr","locations":[{"start":{"line":93,"column":25},"end":{"line":93,"column":45}},{"start":{"line":94,"column":28},"end":{"line":94,"column":91}}]}},"s":{"0":3,"1":3,"2":3,"3":3,"4":2,"5":2,"6":0,"7":0,"8":2,"9":3},"f":{"0":2,"1":0},"b":{"0":[2,0],"1":[2,0],"2":[2,0],"3":[2,0]}}
,"C:\\MyLearning\\ReactJs\\Final Project\\finall-project\\src\\store\\actions.tsx": {"path":"C:\\MyLearning\\ReactJs\\Final Project\\finall-project\\src\\store\\actions.tsx","statementMap":{"0":{"start":{"line":1,"column":13},"end":{"line":1,"column":47}},"1":{"start":{"line":2,"column":13},"end":{"line":2,"column":63}},"2":{"start":{"line":3,"column":13},"end":{"line":3,"column":63}},"3":{"start":{"line":5,"column":13},"end":{"line":5,"column":49}},"4":{"start":{"line":8,"column":29},"end":{"line":8,"column":61}},"5":{"start":{"line":8,"column":36},"end":{"line":8,"column":60}},"6":{"start":{"line":8,"column":13},"end":{"line":8,"column":29}},"7":{"start":{"line":9,"column":36},"end":{"line":9,"column":109}},"8":{"start":{"line":9,"column":57},"end":{"line":9,"column":108}},"9":{"start":{"line":9,"column":13},"end":{"line":9,"column":36}},"10":{"start":{"line":10,"column":36},"end":{"line":10,"column":105}},"11":{"start":{"line":10,"column":56},"end":{"line":10,"column":104}},"12":{"start":{"line":10,"column":13},"end":{"line":10,"column":36}},"13":{"start":{"line":12,"column":30},"end":{"line":12,"column":94}},"14":{"start":{"line":12,"column":51},"end":{"line":12,"column":93}},"15":{"start":{"line":12,"column":13},"end":{"line":12,"column":30}}},"fnMap":{"0":{"name":"(anonymous_0)","decl":{"start":{"line":8,"column":29},"end":{"line":8,"column":32}},"loc":{"start":{"line":8,"column":36},"end":{"line":8,"column":60}}},"1":{"name":"(anonymous_1)","decl":{"start":{"line":9,"column":36},"end":{"line":9,"column":37}},"loc":{"start":{"line":9,"column":57},"end":{"line":9,"column":108}}},"2":{"name":"(anonymous_2)","decl":{"start":{"line":10,"column":36},"end":{"line":10,"column":37}},"loc":{"start":{"line":10,"column":56},"end":{"line":10,"column":104}}},"3":{"name":"(anonymous_3)","decl":{"start":{"line":12,"column":30},"end":{"line":12,"column":31}},"loc":{"start":{"line":12,"column":51},"end":{"line":12,"column":93}}}},"branchMap":{},"s":{"0":9,"1":9,"2":9,"3":9,"4":9,"5":2,"6":9,"7":9,"8":0,"9":9,"10":9,"11":0,"12":9,"13":9,"14":0,"15":9},"f":{"0":2,"1":0,"2":0,"3":0},"b":{}}
,"C:\\MyLearning\\ReactJs\\Final Project\\finall-project\\src\\store\\contextApi\\cartContext.tsx": {"path":"C:\\MyLearning\\ReactJs\\Final Project\\finall-project\\src\\store\\contextApi\\cartContext.tsx","statementMap":{"0":{"start":{"line":1,"column":0},"end":{"line":1,"column":70}},"1":{"start":{"line":3,"column":0},"end":{"line":3,"column":55}},"2":{"start":{"line":4,"column":0},"end":{"line":4,"column":43}},"3":{"start":{"line":19,"column":13},"end":{"line":19,"column":81}},"4":{"start":{"line":21,"column":45},"end":{"line":103,"column":1}},"5":{"start":{"line":23,"column":21},"end":{"line":23,"column":34}},"6":{"start":{"line":24,"column":17},"end":{"line":24,"column":75}},"7":{"start":{"line":24,"column":41},"end":{"line":24,"column":63}},"8":{"start":{"line":25,"column":4},"end":{"line":27,"column":11}},"9":{"start":{"line":26,"column":8},"end":{"line":26,"column":34}},"10":{"start":{"line":29,"column":4},"end":{"line":32,"column":15}},"11":{"start":{"line":30,"column":8},"end":{"line":30,"column":29}},"12":{"start":{"line":30,"column":21},"end":{"line":30,"column":27}},"13":{"start":{"line":31,"column":8},"end":{"line":31,"column":15}},"14":{"start":{"line":33,"column":28},"end":{"line":33,"column":49}},"15":{"start":{"line":34,"column":44},"end":{"line":34,"column":65}},"16":{"start":{"line":37,"column":17},"end":{"line":41,"column":5}},"17":{"start":{"line":38,"column":29},"end":{"line":38,"column":138}},"18":{"start":{"line":38,"column":49},"end":{"line":38,"column":137}},"19":{"start":{"line":39,"column":8},"end":{"line":39,"column":null}},"20":{"start":{"line":43,"column":19},"end":{"line":56,"column":5}},"21":{"start":{"line":44,"column":28},"end":{"line":44,"column":72}},"22":{"start":{"line":45,"column":31},"end":{"line":54,"column":10}},"23":{"start":{"line":46,"column":12},"end":{"line":52,"column":13}},"24":{"start":{"line":47,"column":31},"end":{"line":47,"column":52}},"25":{"start":{"line":48,"column":36},"end":{"line":48,"column":90}},"26":{"start":{"line":49,"column":16},"end":{"line":51,"column":17}},"27":{"start":{"line":50,"column":20},"end":{"line":50,"column":32}},"28":{"start":{"line":53,"column":12},"end":{"line":53,"column":25}},"29":{"start":{"line":55,"column":8},"end":{"line":55,"column":40}},"30":{"start":{"line":59,"column":29},"end":{"line":74,"column":5}},"31":{"start":{"line":60,"column":28},"end":{"line":60,"column":37}},"32":{"start":{"line":61,"column":26},"end":{"line":61,"column":77}},"33":{"start":{"line":61,"column":55},"end":{"line":61,"column":76}},"34":{"start":{"line":62,"column":8},"end":{"line":72,"column":9}},"35":{"start":{"line":64,"column":12},"end":{"line":64,"column":49}},"36":{"start":{"line":67,"column":33},"end":{"line":67,"column":73}},"37":{"start":{"line":67,"column":51},"end":{"line":67,"column":72}},"38":{"start":{"line":68,"column":12},"end":{"line":71,"column":13}},"39":{"start":{"line":69,"column":32},"end":{"line":69,"column":64}},"40":{"start":{"line":70,"column":16},"end":{"line":70,"column":42}},"41":{"start":{"line":73,"column":8},"end":{"line":73,"column":null}},"42":{"start":{"line":76,"column":29},"end":{"line":87,"column":5}},"43":{"start":{"line":77,"column":21},"end":{"line":77,"column":60}},"44":{"start":{"line":77,"column":38},"end":{"line":77,"column":59}},"45":{"start":{"line":78,"column":28},"end":{"line":78,"column":37}},"46":{"start":{"line":79,"column":8},"end":{"line":85,"column":9}},"47":{"start":{"line":80,"column":29},"end":{"line":80,"column":80}},"48":{"start":{"line":80,"column":58},"end":{"line":80,"column":79}},"49":{"start":{"line":81,"column":12},"end":{"line":81,"column":48}},"50":{"start":{"line":82,"column":12},"end":{"line":82,"column":38}},"51":{"start":{"line":84,"column":12},"end":{"line":84,"column":43}},"52":{"start":{"line":94,"column":34},"end":{"line":96,"column":5}},"53":{"start":{"line":95,"column":8},"end":{"line":95,"column":83}},"54":{"start":{"line":95,"column":30},"end":{"line":95,"column":81}},"55":{"start":{"line":95,"column":56},"end":{"line":95,"column":80}},"56":{"start":{"line":98,"column":4},"end":{"line":102,"column":6}},"57":{"start":{"line":21,"column":13},"end":{"line":21,"column":45}}},"fnMap":{"0":{"name":"(anonymous_0)","decl":{"start":{"line":21,"column":45},"end":{"line":21,"column":46}},"loc":{"start":{"line":21,"column":62},"end":{"line":103,"column":1}}},"1":{"name":"(anonymous_1)","decl":{"start":{"line":24,"column":29},"end":{"line":24,"column":30}},"loc":{"start":{"line":24,"column":41},"end":{"line":24,"column":63}}},"2":{"name":"(anonymous_2)","decl":{"start":{"line":25,"column":14},"end":{"line":25,"column":17}},"loc":{"start":{"line":25,"column":19},"end":{"line":27,"column":5}}},"3":{"name":"(anonymous_3)","decl":{"start":{"line":29,"column":14},"end":{"line":29,"column":17}},"loc":{"start":{"line":29,"column":19},"end":{"line":32,"column":5}}},"4":{"name":"(anonymous_4)","decl":{"start":{"line":37,"column":17},"end":{"line":37,"column":20}},"loc":{"start":{"line":37,"column":22},"end":{"line":41,"column":5}}},"5":{"name":"(anonymous_5)","decl":{"start":{"line":38,"column":39},"end":{"line":38,"column":40}},"loc":{"start":{"line":38,"column":49},"end":{"line":38,"column":137}}},"6":{"name":"(anonymous_6)","decl":{"start":{"line":43,"column":19},"end":{"line":43,"column":20}},"loc":{"start":{"line":43,"column":37},"end":{"line":56,"column":5}}},"7":{"name":"(anonymous_7)","decl":{"start":{"line":45,"column":44},"end":{"line":45,"column":45}},"loc":{"start":{"line":45,"column":54},"end":{"line":54,"column":9}}},"8":{"name":"(anonymous_8)","decl":{"start":{"line":59,"column":29},"end":{"line":59,"column":30}},"loc":{"start":{"line":59,"column":49},"end":{"line":74,"column":5}}},"9":{"name":"(anonymous_9)","decl":{"start":{"line":61,"column":48},"end":{"line":61,"column":49}},"loc":{"start":{"line":61,"column":55},"end":{"line":61,"column":76}}},"10":{"name":"(anonymous_10)","decl":{"start":{"line":67,"column":44},"end":{"line":67,"column":45}},"loc":{"start":{"line":67,"column":51},"end":{"line":67,"column":72}}},"11":{"name":"(anonymous_11)","decl":{"start":{"line":76,"column":29},"end":{"line":76,"column":30}},"loc":{"start":{"line":76,"column":49},"end":{"line":87,"column":5}}},"12":{"name":"(anonymous_12)","decl":{"start":{"line":77,"column":31},"end":{"line":77,"column":32}},"loc":{"start":{"line":77,"column":38},"end":{"line":77,"column":59}}},"13":{"name":"(anonymous_13)","decl":{"start":{"line":80,"column":51},"end":{"line":80,"column":52}},"loc":{"start":{"line":80,"column":58},"end":{"line":80,"column":79}}},"14":{"name":"(anonymous_14)","decl":{"start":{"line":94,"column":34},"end":{"line":94,"column":35}},"loc":{"start":{"line":94,"column":54},"end":{"line":96,"column":5}}},"15":{"name":"(anonymous_15)","decl":{"start":{"line":95,"column":16},"end":{"line":95,"column":17}},"loc":{"start":{"line":95,"column":30},"end":{"line":95,"column":81}}},"16":{"name":"(anonymous_16)","decl":{"start":{"line":95,"column":46},"end":{"line":95,"column":47}},"loc":{"start":{"line":95,"column":56},"end":{"line":95,"column":80}}}},"branchMap":{"0":{"loc":{"start":{"line":30,"column":8},"end":{"line":30,"column":29}},"type":"if","locations":[{"start":{"line":30,"column":8},"end":{"line":30,"column":29}}]},"1":{"loc":{"start":{"line":38,"column":49},"end":{"line":38,"column":137}},"type":"cond-expr","locations":[{"start":{"line":38,"column":131},"end":{"line":38,"column":132}},{"start":{"line":38,"column":135},"end":{"line":38,"column":137}}]},"2":{"loc":{"start":{"line":48,"column":36},"end":{"line":48,"column":90}},"type":"cond-expr","locations":[{"start":{"line":48,"column":66},"end":{"line":48,"column":82}},{"start":{"line":48,"column":85},"end":{"line":48,"column":90}}]},"3":{"loc":{"start":{"line":49,"column":16},"end":{"line":51,"column":17}},"type":"if","locations":[{"start":{"line":49,"column":16},"end":{"line":51,"column":17}}]},"4":{"loc":{"start":{"line":62,"column":8},"end":{"line":72,"column":9}},"type":"if","locations":[{"start":{"line":62,"column":8},"end":{"line":72,"column":9}},{"start":{"line":65,"column":15},"end":{"line":72,"column":9}}]},"5":{"loc":{"start":{"line":68,"column":12},"end":{"line":71,"column":13}},"type":"if","locations":[{"start":{"line":68,"column":12},"end":{"line":71,"column":13}}]},"6":{"loc":{"start":{"line":79,"column":8},"end":{"line":85,"column":9}},"type":"if","locations":[{"start":{"line":79,"column":8},"end":{"line":85,"column":9}},{"start":{"line":83,"column":15},"end":{"line":85,"column":9}}]}},"s":{"0":8,"1":8,"2":8,"3":8,"4":8,"5":0,"6":0,"7":0,"8":0,"9":0,"10":0,"11":0,"12":0,"13":0,"14":0,"15":0,"16":0,"17":0,"18":0,"19":0,"20":0,"21":0,"22":0,"23":0,"24":0,"25":0,"26":0,"27":0,"28":0,"29":0,"30":0,"31":0,"32":0,"33":0,"34":0,"35":0,"36":0,"37":0,"38":0,"39":0,"40":0,"41":0,"42":0,"43":0,"44":0,"45":0,"46":0,"47":0,"48":0,"49":0,"50":0,"51":0,"52":0,"53":0,"54":0,"55":0,"56":0,"57":8},"f":{"0":0,"1":0,"2":0,"3":0,"4":0,"5":0,"6":0,"7":0,"8":0,"9":0,"10":0,"11":0,"12":0,"13":0,"14":0,"15":0,"16":0},"b":{"0":[0],"1":[0,0],"2":[0,0],"3":[0],"4":[0,0],"5":[0],"6":[0,0]}}
}
